<?xml version="1.0" encoding="UTF-8"?>
<!-- Generated by org.testng.reporters.JUnitReportReporter -->
<testsuite skipped="0" hostname="DESKTOP-MQ96ESR" name="org.hex.Threadclass" tests="2" failures="0" timestamp="21 Nov 2022 02:46:18 GMT" time="0.016" errors="0">
  <testcase name="class2" time="0.002" classname="org.hex.Threadclass"/>
  <testcase name="class1" time="0.014" classname="org.hex.Threadclass"/>
</testsuite> <!-- org.hex.Threadclass -->
