<?xml version="1.0" encoding="UTF-8"?>
<!-- Generated by org.testng.reporters.JUnitReportReporter -->
<testsuite skipped="1" hostname="DESKTOP-MQ96ESR" name="org.hcl.TestNgTest" tests="9" failures="0" timestamp="29 Jan 2023 06:27:19 GMT" time="0.035" errors="0">
  <testcase name="test4" time="0.000" classname="org.hcl.TestNgTest"/>
  <testcase name="test1" time="0.015" classname="org.hcl.TestNgTest"/>
  <testcase name="test2" time="0.000" classname="org.hcl.TestNgTest"/>
  <testcase name="test2" time="0.005" classname="org.hcl.TestNgTest"/>
  <testcase name="test2" time="0.010" classname="org.hcl.TestNgTest"/>
  <testcase name="test2" time="0.000" classname="org.hcl.TestNgTest"/>
  <testcase name="test2" time="0.005" classname="org.hcl.TestNgTest"/>
  <testcase name="test3" time="0.000" classname="org.hcl.TestNgTest"/>
  <testcase name="test5" classname="org.hcl.TestNgTest">
    <skipped/>
  </testcase> <!-- test5 -->
</testsuite> <!-- org.hcl.TestNgTest -->
