<?xml version="1.0" encoding="UTF-8"?>
<!-- Generated by org.testng.reporters.JUnitReportReporter -->
<testsuite skipped="0" hostname="DESKTOP-MQ96ESR" name="org.hcl.Sample3" tests="3" failures="0" timestamp="29 Jan 2023 14:01:30 GMT" time="29.347" errors="0">
  <testcase name="launchBrowser" time="7.934" classname="org.hcl.Sample3"/>
  <testcase name="launchBrowser" time="13.412" classname="org.hcl.Sample3"/>
  <testcase name="launchBrowser" time="8.001" classname="org.hcl.Sample3"/>
</testsuite> <!-- org.hcl.Sample3 -->
