<?xml version="1.0" encoding="UTF-8"?>
<!-- Generated by org.testng.reporters.JUnitReportReporter -->
<testsuite skipped="0" hostname="DESKTOP-MQ96ESR" name="org.hex.DataProv" tests="2" failures="0" timestamp="20 Nov 2022 05:54:54 GMT" time="50.853" errors="0">
  <testcase name="cassB" time="21.225" classname="org.hex.DataProv"/>
  <testcase name="cassB" time="29.628" classname="org.hex.DataProv"/>
</testsuite> <!-- org.hex.DataProv -->
