<?xml version="1.0" encoding="UTF-8"?>
<!-- Generated by org.testng.reporters.JUnitReportReporter -->
<testsuite skipped="0" hostname="DESKTOP-MQ96ESR" name="org.hcl.Sample" tests="2" failures="0" timestamp="29 Jan 2023 10:39:47 GMT" time="0.409" errors="0">
  <testcase name="type" time="0.326" classname="org.hcl.Sample"/>
  <testcase name="btnLogin" time="0.083" classname="org.hcl.Sample"/>
</testsuite> <!-- org.hcl.Sample -->
