<?xml version="1.0" encoding="UTF-8"?>
<!-- Generated by org.testng.reporters.JUnitReportReporter -->
<testsuite skipped="0" hostname="DESKTOP-MQ96ESR" name="org.hcl.GroupA" tests="2" failures="0" timestamp="29 Jan 2023 06:16:13 GMT" time="0.030" errors="0">
  <testcase name="type1" time="0.015" classname="org.hcl.GroupA"/>
  <testcase name="type" time="0.015" classname="org.hcl.GroupA"/>
</testsuite> <!-- org.hcl.GroupA -->
