<?xml version="1.0" encoding="UTF-8"?>
<!-- Generated by org.testng.reporters.JUnitReportReporter -->
<testsuite skipped="0" hostname="DESKTOP-MQ96ESR" name="org.hex.DataProvid" tests="2" failures="0" timestamp="21 Nov 2022 02:35:32 GMT" time="15.420" errors="0">
  <testcase name="classA" time="7.274" classname="org.hex.DataProvid"/>
  <testcase name="classA" time="8.146" classname="org.hex.DataProvid"/>
</testsuite> <!-- org.hex.DataProvid -->
