<?xml version="1.0" encoding="UTF-8"?>
<!-- Generated by org.testng.reporters.JUnitReportReporter -->
<testsuite skipped="0" hostname="DESKTOP-MQ96ESR" name="org.hex.ClassA" tests="1" failures="0" timestamp="20 Nov 2022 02:53:36 GMT" time="6.566" errors="0">
  <testcase name="test1" time="6.566" classname="org.hex.ClassA"/>
</testsuite> <!-- org.hex.ClassA -->
