<?xml version="1.0" encoding="UTF-8"?>
<!-- Generated by org.testng.reporters.JUnitReportReporter -->
<testsuite skipped="0" hostname="DESKTOP-MQ96ESR" name="org.hcl.A1" tests="2" failures="0" timestamp="30 Jan 2023 04:08:41 GMT" time="0.016" errors="0">
  <testcase name="test13" time="0.016" classname="org.hcl.A1"/>
  <testcase name="test14" time="0.000" classname="org.hcl.A1"/>
</testsuite> <!-- org.hcl.A1 -->
