<?xml version="1.0" encoding="UTF-8"?>
<!-- Generated by org.testng.reporters.JUnitReportReporter -->
<testsuite skipped="0" hostname="DESKTOP-MQ96ESR" name="org.hcl.DataProvd" tests="3" failures="0" timestamp="29 Jan 2023 13:47:16 GMT" time="71.896" errors="0">
  <testcase name="type" time="10.839" classname="org.hcl.DataProvd"/>
  <testcase name="type" time="40.313" classname="org.hcl.DataProvd"/>
  <testcase name="type" time="20.744" classname="org.hcl.DataProvd"/>
</testsuite> <!-- org.hcl.DataProvd -->
