<?xml version="1.0" encoding="UTF-8"?>
<!-- Generated by org.testng.reporters.JUnitReportReporter -->
<testsuite skipped="0" hostname="DESKTOP-MQ96ESR" name="org.hex.ThreadClass2" tests="3" failures="0" timestamp="21 Nov 2022 02:54:49 GMT" time="0.048" errors="0">
  <testcase name="class11" time="0.016" classname="org.hex.ThreadClass2"/>
  <testcase name="class12" time="0.016" classname="org.hex.ThreadClass2"/>
  <testcase name="class13" time="0.016" classname="org.hex.ThreadClass2"/>
</testsuite> <!-- org.hex.ThreadClass2 -->
