<?xml version="1.0" encoding="UTF-8"?>
<!-- Generated by org.testng.reporters.JUnitReportReporter -->
<testsuite skipped="0" hostname="DESKTOP-MQ96ESR" name="org.hcl.Sample2" tests="3" failures="0" timestamp="29 Jan 2023 11:09:28 GMT" time="18.753" errors="0">
  <testcase name="launchBrowser" time="6.856" classname="org.hcl.Sample2"/>
  <testcase name="launchBrowser" time="6.318" classname="org.hcl.Sample2"/>
  <testcase name="launchBrowser" time="5.579" classname="org.hcl.Sample2"/>
</testsuite> <!-- org.hcl.Sample2 -->
